#! /c/Source/iverilog-install/bin/vvp
:ivl_version "12.0 (devel)" "(s20150603-1539-g2693dd32b)";
:ivl_delay_selection "TYPICAL";
:vpi_time_precision + 0;
:vpi_module "C:\easyeda-data\iverilog\lib\ivl\system.vpi";
:vpi_module "C:\easyeda-data\iverilog\lib\ivl\vhdl_sys.vpi";
:vpi_module "C:\easyeda-data\iverilog\lib\ivl\vhdl_textio.vpi";
:vpi_module "C:\easyeda-data\iverilog\lib\ivl\v2005_math.vpi";
:vpi_module "C:\easyeda-data\iverilog\lib\ivl\va_math.vpi";
S_00000295af0a2df0 .scope module, "rotary_encoder" "rotary_encoder" 2 1;
 .timescale 0 0;
    .port_info 0 /INPUT 1 "clk";
    .port_info 1 /INPUT 1 "rst";
    .port_info 2 /INPUT 1 "A";
    .port_info 3 /INPUT 1 "B";
    .port_info 4 /OUTPUT 8 "count";
o00000295af0d6fa8 .functor BUFZ 1, C4<z>; HiZ drive
v00000295af08afc0_0 .net "A", 0 0, o00000295af0d6fa8;  0 drivers
v00000295af08bc70_0 .var "Aprev", 0 0;
o00000295af0d7008 .functor BUFZ 1, C4<z>; HiZ drive
v00000295af08bd10_0 .net "B", 0 0, o00000295af0d7008;  0 drivers
v00000295af08bdb0_0 .var "Bprev", 0 0;
o00000295af0d7068 .functor BUFZ 1, C4<z>; HiZ drive
v00000295af0d4040_0 .net "clk", 0 0, o00000295af0d7068;  0 drivers
v00000295af0d40e0_0 .var "count", 7 0;
o00000295af0d70c8 .functor BUFZ 1, C4<z>; HiZ drive
v00000295af0d4180_0 .net "rst", 0 0, o00000295af0d70c8;  0 drivers
E_00000295af08bfb0 .event posedge, v00000295af0d4180_0, v00000295af0d4040_0;
S_00000295af0a2f80 .scope begin, "encoder" "encoder" 2 10, 2 10 0, S_00000295af0a2df0;
 .timescale 0 0;
    .scope S_00000295af0a2df0;
T_0 ;
    %wait E_00000295af08bfb0;
    %fork t_1, S_00000295af0a2f80;
    %jmp t_0;
    .scope S_00000295af0a2f80;
t_1 ;
    %load/vec4 v00000295af0d4180_0;
    %flag_set/vec4 8;
    %jmp/0xz  T_0.0, 8;
    %pushi/vec4 0, 0, 1;
    %assign/vec4 v00000295af08bc70_0, 0;
    %pushi/vec4 0, 0, 1;
    %assign/vec4 v00000295af08bdb0_0, 0;
    %pushi/vec4 0, 0, 8;
    %assign/vec4 v00000295af0d40e0_0, 0;
    %jmp T_0.1;
T_0.0 ;
    %load/vec4 v00000295af08afc0_0;
    %assign/vec4 v00000295af08bc70_0, 0;
    %load/vec4 v00000295af08bd10_0;
    %assign/vec4 v00000295af08bdb0_0, 0;
    %load/vec4 v00000295af08afc0_0;
    %flag_set/vec4 9;
    %flag_get/vec4 9;
    %jmp/0 T_0.4, 9;
    %load/vec4 v00000295af08bc70_0;
    %nor/r;
    %and;
T_0.4;
    %flag_set/vec4 8;
    %jmp/0xz  T_0.2, 8;
    %load/vec4 v00000295af08bd10_0;
    %nor/r;
    %flag_set/vec4 8;
    %jmp/0xz  T_0.5, 8;
    %load/vec4 v00000295af0d40e0_0;
    %addi 1, 0, 8;
    %assign/vec4 v00000295af0d40e0_0, 0;
    %jmp T_0.6;
T_0.5 ;
    %load/vec4 v00000295af0d40e0_0;
    %subi 1, 0, 8;
    %assign/vec4 v00000295af0d40e0_0, 0;
T_0.6 ;
T_0.2 ;
    %load/vec4 v00000295af08bd10_0;
    %flag_set/vec4 9;
    %flag_get/vec4 9;
    %jmp/0 T_0.9, 9;
    %load/vec4 v00000295af08bdb0_0;
    %nor/r;
    %and;
T_0.9;
    %flag_set/vec4 8;
    %jmp/0xz  T_0.7, 8;
    %load/vec4 v00000295af08afc0_0;
    %flag_set/vec4 8;
    %jmp/0xz  T_0.10, 8;
    %load/vec4 v00000295af0d40e0_0;
    %addi 1, 0, 8;
    %assign/vec4 v00000295af0d40e0_0, 0;
    %jmp T_0.11;
T_0.10 ;
    %load/vec4 v00000295af0d40e0_0;
    %subi 1, 0, 8;
    %assign/vec4 v00000295af0d40e0_0, 0;
T_0.11 ;
T_0.7 ;
T_0.1 ;
    %end;
    .scope S_00000295af0a2df0;
t_0 %join;
    %jmp T_0;
    .thread T_0;
# The file index is used to find the file name in the following table.
:file_names 3;
    "N/A";
    "<interactive>";
    "RGB_Mixer\rotary_encoder.v";
